

1s
1s
1s
Run echo "🚀 Starting iOS build with detailed logging..."
🚀 Starting iOS build with detailed logging...
bundler: failed to load command: fastlane (/opt/homebrew/lib/ruby/gems/3.3.0/bin/fastlane)
/opt/homebrew/lib/ruby/gems/3.3.0/gems/bundler-2.7.2/lib/bundler/resolver.rb:356:in `raise_not_found!': Could not find gem 'activesupport (>= 6.1.7.3, < 7.1.0)' in locally installed gems. (Bundler::GemNotFound)

The source contains the following gems matching 'activesupport':
  * activesupport-7.2.2.1
	from /opt/homebrew/lib/ruby/gems/3.3.0/gems/bundler-2.7.2/lib/bundler/resolver.rb:450:in `block in prepare_dependencies'
	from /opt/homebrew/lib/ruby/gems/3.3.0/gems/bundler-2.7.2/lib/bundler/resolver.rb:425:in `each'
	from /opt/homebrew/lib/ruby/gems/3.3.0/gems/bundler-2.7.2/lib/bundler/resolver.rb:425:in `filter_map'
	from /opt/homebrew/lib/ruby/gems/3.3.0/gems/bundler-2.7.2/lib/bundler/resolver.rb:425:in `prepare_dependencies'
	from /opt/homebrew/lib/ruby/gems/3.3.0/gems/bundler-2.7.2/lib/bundler/resolver.rb:63:in `setup_solver'
	from /opt/homebrew/lib/ruby/gems/3.3.0/gems/bundler-2.7.2/lib/bundler/resolver.rb:28:in `start'
	from /opt/homebrew/lib/ruby/gems/3.3.0/gems/bundler-2.7.2/lib/bundler/definition.rb:744:in `start_resolution'
	from /opt/homebrew/lib/ruby/gems/3.3.0/gems/bundler-2.7.2/lib/bundler/definition.rb:344:in `resolve'
	from /opt/homebrew/lib/ruby/gems/3.3.0/gems/bundler-2.7.2/lib/bundler/definition.rb:653:in `materialize'
	from /opt/homebrew/lib/ruby/gems/3.3.0/gems/bundler-2.7.2/lib/bundler/definition.rb:239:in `specs'
	from /opt/homebrew/lib/ruby/gems/3.3.0/gems/bundler-2.7.2/lib/bundler/definition.rb:306:in `specs_for'
	from /opt/homebrew/lib/ruby/gems/3.3.0/gems/bundler-2.7.2/lib/bundler/runtime.rb:18:in `setup'
	from /opt/homebrew/lib/ruby/gems/3.3.0/gems/bundler-2.7.2/lib/bundler.rb:166:in `setup'
	from /opt/homebrew/lib/ruby/gems/3.3.0/gems/bundler-2.7.2/lib/bundler/setup.rb:32:in `block in <top (required)>'
	from /opt/homebrew/lib/ruby/gems/3.3.0/gems/bundler-2.7.2/lib/bundler/ui/shell.rb:173:in `with_level'
	from /opt/homebrew/lib/ruby/gems/3.3.0/gems/bundler-2.7.2/lib/bundler/ui/shell.rb:119:in `silence'
	from /opt/homebrew/lib/ruby/gems/3.3.0/gems/bundler-2.7.2/lib/bundler/setup.rb:32:in `<top (required)>'
	from /opt/homebrew/lib/ruby/gems/3.3.0/gems/bundler-2.7.2/lib/bundler/cli/exec.rb:57:in `require_relative'
	from /opt/homebrew/lib/ruby/gems/3.3.0/gems/bundler-2.7.2/lib/bundler/cli/exec.rb:57:in `kernel_load'
	from /opt/homebrew/lib/ruby/gems/3.3.0/gems/bundler-2.7.2/lib/bundler/cli/exec.rb:23:in `run'
	from /opt/homebrew/lib/ruby/gems/3.3.0/gems/bundler-2.7.2/lib/bundler/cli.rb:456:in `exec'
	from /opt/homebrew/lib/ruby/gems/3.3.0/gems/bundler-2.7.2/lib/bundler/vendor/thor/lib/thor/command.rb:28:in `run'
	from /opt/homebrew/lib/ruby/gems/3.3.0/gems/bundler-2.7.2/lib/bundler/vendor/thor/lib/thor/invocation.rb:127:in `invoke_command'
	from /opt/homebrew/lib/ruby/gems/3.3.0/gems/bundler-2.7.2/lib/bundler/vendor/thor/lib/thor.rb:538:in `dispatch'
	from /opt/homebrew/lib/ruby/gems/3.3.0/gems/bundler-2.7.2/lib/bundler/cli.rb:35:in `dispatch'
	from /opt/homebrew/lib/ruby/gems/3.3.0/gems/bundler-2.7.2/lib/bundler/vendor/thor/lib/thor/base.rb:584:in `start'
	from /opt/homebrew/lib/ruby/gems/3.3.0/gems/bundler-2.7.2/lib/bundler/cli.rb:29:in `start'
	from /opt/homebrew/lib/ruby/gems/3.3.0/gems/bundler-2.7.2/exe/bundle:28:in `block in <top (required)>'
	from /opt/homebrew/lib/ruby/gems/3.3.0/gems/bundler-2.7.2/lib/bundler/friendly_errors.rb:118:in `with_friendly_errors'
	from /opt/homebrew/lib/ruby/gems/3.3.0/gems/bundler-2.7.2/exe/bundle:20:in `<top (required)>'
	from /opt/homebrew/lib/ruby/site_ruby/3.3.0/rubygems.rb:319:in `load'
	from /opt/homebrew/lib/ruby/site_ruby/3.3.0/rubygems.rb:319:in `activate_and_load_bin_path'
	from /opt/homebrew/lib/ruby/gems/3.3.0/bin/bundle:25:in `<main>'
Error: Process completed with exit code 1.
1s
Run echo "🚀 Starting iOS build with detailed logging..."
🚀 Starting iOS build with detailed logging...
bundler: failed to load command: fastlane (/opt/homebrew/lib/ruby/gems/3.3.0/bin/fastlane)
/opt/homebrew/lib/ruby/gems/3.3.0/gems/bundler-2.7.2/lib/bundler/resolver.rb:356:in `raise_not_found!': Could not find gem 'activesupport (>= 6.1.7.3, < 7.1.0)' in locally installed gems. (Bundler::GemNotFound)

The source contains the following gems matching 'activesupport':
  * activesupport-7.2.2.1
	from /opt/homebrew/lib/ruby/gems/3.3.0/gems/bundler-2.7.2/lib/bundler/resolver.rb:450:in `block in prepare_dependencies'
	from /opt/homebrew/lib/ruby/gems/3.3.0/gems/bundler-2.7.2/lib/bundler/resolver.rb:425:in `each'
	from /opt/homebrew/lib/ruby/gems/3.3.0/gems/bundler-2.7.2/lib/bundler/resolver.rb:425:in `filter_map'
	from /opt/homebrew/lib/ruby/gems/3.3.0/gems/bundler-2.7.2/lib/bundler/resolver.rb:425:in `prepare_dependencies'
	from /opt/homebrew/lib/ruby/gems/3.3.0/gems/bundler-2.7.2/lib/bundler/resolver.rb:63:in `setup_solver'
	from /opt/homebrew/lib/ruby/gems/3.3.0/gems/bundler-2.7.2/lib/bundler/resolver.rb:28:in `start'
	from /opt/homebrew/lib/ruby/gems/3.3.0/gems/bundler-2.7.2/lib/bundler/definition.rb:744:in `start_resolution'
	from /opt/homebrew/lib/ruby/gems/3.3.0/gems/bundler-2.7.2/lib/bundler/definition.rb:344:in `resolve'
	from /opt/homebrew/lib/ruby/gems/3.3.0/gems/bundler-2.7.2/lib/bundler/definition.rb:653:in `materialize'
	from /opt/homebrew/lib/ruby/gems/3.3.0/gems/bundler-2.7.2/lib/bundler/definition.rb:239:in `specs'
	from /opt/homebrew/lib/ruby/gems/3.3.0/gems/bundler-2.7.2/lib/bundler/definition.rb:306:in `specs_for'
	from /opt/homebrew/lib/ruby/gems/3.3.0/gems/bundler-2.7.2/lib/bundler/runtime.rb:18:in `setup'
	from /opt/homebrew/lib/ruby/gems/3.3.0/gems/bundler-2.7.2/lib/bundler.rb:166:in `setup'
	from /opt/homebrew/lib/ruby/gems/3.3.0/gems/bundler-2.7.2/lib/bundler/setup.rb:32:in `block in <top (required)>'
	from /opt/homebrew/lib/ruby/gems/3.3.0/gems/bundler-2.7.2/lib/bundler/ui/shell.rb:173:in `with_level'
	from /opt/homebrew/lib/ruby/gems/3.3.0/gems/bundler-2.7.2/lib/bundler/ui/shell.rb:119:in `silence'
	from /opt/homebrew/lib/ruby/gems/3.3.0/gems/bundler-2.7.2/lib/bundler/setup.rb:32:in `<top (required)>'
	from /opt/homebrew/lib/ruby/gems/3.3.0/gems/bundler-2.7.2/lib/bundler/cli/exec.rb:57:in `require_relative'
	from /opt/homebrew/lib/ruby/gems/3.3.0/gems/bundler-2.7.2/lib/bundler/cli/exec.rb:57:in `kernel_load'
	from /opt/homebrew/lib/ruby/gems/3.3.0/gems/bundler-2.7.2/lib/bundler/cli/exec.rb:23:in `run'
	from /opt/homebrew/lib/ruby/gems/3.3.0/gems/bundler-2.7.2/lib/bundler/cli.rb:456:in `exec'
	from /opt/homebrew/lib/ruby/gems/3.3.0/gems/bundler-2.7.2/lib/bundler/vendor/thor/lib/thor/command.rb:28:in `run'
	from /opt/homebrew/lib/ruby/gems/3.3.0/gems/bundler-2.7.2/lib/bundler/vendor/thor/lib/thor/invocation.rb:127:in `invoke_command'
	from /opt/homebrew/lib/ruby/gems/3.3.0/gems/bundler-2.7.2/lib/bundler/vendor/thor/lib/thor.rb:538:in `dispatch'
	from /opt/homebrew/lib/ruby/gems/3.3.0/gems/bundler-2.7.2/lib/bundler/cli.rb:35:in `dispatch'
	from /opt/homebrew/lib/ruby/gems/3.3.0/gems/bundler-2.7.2/lib/bundler/vendor/thor/lib/thor/base.rb:584:in `start'
	from /opt/homebrew/lib/ruby/gems/3.3.0/gems/bundler-2.7.2/lib/bundler/cli.rb:29:in `start'
	from /opt/homebrew/lib/ruby/gems/3.3.0/gems/bundler-2.7.2/exe/bundle:28:in `block in <top (required)>'
	from /opt/homebrew/lib/ruby/gems/3.3.0/gems/bundler-2.7.2/lib/bundler/friendly_errors.rb:118:in `with_friendly_errors'
	from /opt/homebrew/lib/ruby/gems/3.3.0/gems/bundler-2.7.2/exe/bundle:20:in `<top (required)>'
	from /opt/homebrew/lib/ruby/site_ruby/3.3.0/rubygems.rb:319:in `load'
	from /opt/homebrew/lib/ruby/site_ruby/3.3.0/rubygems.rb:319:in `activate_and_load_bin_path'
	from /opt/homebrew/lib/ruby/gems/3.3.0/bin/bundle:25:in `<main>'
Error: Process completed with exit code 1.
Run echo "🚀 Starting iOS build with detailed logging..."
🚀 Starting iOS build with detailed logging...
bundler: failed to load command: fastlane (/opt/homebrew/lib/ruby/gems/3.3.0/bin/fastlane)
/opt/homebrew/lib/ruby/gems/3.3.0/gems/bundler-2.7.2/lib/bundler/resolver.rb:356:in `raise_not_found!': Could not find gem 'activesupport (>= 6.1.7.3, < 7.1.0)' in locally installed gems. (Bundler::GemNotFound)

The source contains the following gems matching 'activesupport':
  * activesupport-7.2.2.1
	from /opt/homebrew/lib/ruby/gems/3.3.0/gems/bundler-2.7.2/lib/bundler/resolver.rb:450:in `block in prepare_dependencies'
	from /opt/homebrew/lib/ruby/gems/3.3.0/gems/bundler-2.7.2/lib/bundler/resolver.rb:425:in `each'
	from /opt/homebrew/lib/ruby/gems/3.3.0/gems/bundler-2.7.2/lib/bundler/resolver.rb:425:in `filter_map'
	from /opt/homebrew/lib/ruby/gems/3.3.0/gems/bundler-2.7.2/lib/bundler/resolver.rb:425:in `prepare_dependencies'
	from /opt/homebrew/lib/ruby/gems/3.3.0/gems/bundler-2.7.2/lib/bundler/resolver.rb:63:in `setup_solver'
	from /opt/homebrew/lib/ruby/gems/3.3.0/gems/bundler-2.7.2/lib/bundler/resolver.rb:28:in `start'
	from /opt/homebrew/lib/ruby/gems/3.3.0/gems/bundler-2.7.2/lib/bundler/definition.rb:744:in `start_resolution'
	from /opt/homebrew/lib/ruby/gems/3.3.0/gems/bundler-2.7.2/lib/bundler/definition.rb:344:in `resolve'
	from /opt/homebrew/lib/ruby/gems/3.3.0/gems/bundler-2.7.2/lib/bundler/definition.rb:653:in `materialize'
	from /opt/homebrew/lib/ruby/gems/3.3.0/gems/bundler-2.7.2/lib/bundler/definition.rb:239:in `specs'
	from /opt/homebrew/lib/ruby/gems/3.3.0/gems/bundler-2.7.2/lib/bundler/definition.rb:306:in `specs_for'
	from /opt/homebrew/lib/ruby/gems/3.3.0/gems/bundler-2.7.2/lib/bundler/runtime.rb:18:in `setup'
	from /opt/homebrew/lib/ruby/gems/3.3.0/gems/bundler-2.7.2/lib/bundler.rb:166:in `setup'
	from /opt/homebrew/lib/ruby/gems/3.3.0/gems/bundler-2.7.2/lib/bundler/setup.rb:32:in `block in <top (required)>'
	from /opt/homebrew/lib/ruby/gems/3.3.0/gems/bundler-2.7.2/lib/bundler/ui/shell.rb:173:in `with_level'
	from /opt/homebrew/lib/ruby/gems/3.3.0/gems/bundler-2.7.2/lib/bundler/ui/shell.rb:119:in `silence'
	from /opt/homebrew/lib/ruby/gems/3.3.0/gems/bundler-2.7.2/lib/bundler/setup.rb:32:in `<top (required)>'
	from /opt/homebrew/lib/ruby/gems/3.3.0/gems/bundler-2.7.2/lib/bundler/cli/exec.rb:57:in `require_relative'
	from /opt/homebrew/lib/ruby/gems/3.3.0/gems/bundler-2.7.2/lib/bundler/cli/exec.rb:57:in `kernel_load'
	from /opt/homebrew/lib/ruby/gems/3.3.0/gems/bundler-2.7.2/lib/bundler/cli/exec.rb:23:in `run'
	from /opt/homebrew/lib/ruby/gems/3.3.0/gems/bundler-2.7.2/lib/bundler/cli.rb:456:in `exec'
	from /opt/homebrew/lib/ruby/gems/3.3.0/gems/bundler-2.7.2/lib/bundler/vendor/thor/lib/thor/command.rb:28:in `run'
	from /opt/homebrew/lib/ruby/gems/3.3.0/gems/bundler-2.7.2/lib/bundler/vendor/thor/lib/thor/invocation.rb:127:in `invoke_command'
	from /opt/homebrew/lib/ruby/gems/3.3.0/gems/bundler-2.7.2/lib/bundler/vendor/thor/lib/thor.rb:538:in `dispatch'
	from /opt/homebrew/lib/ruby/gems/3.3.0/gems/bundler-2.7.2/lib/bundler/cli.rb:35:in `dispatch'
	from /opt/homebrew/lib/ruby/gems/3.3.0/gems/bundler-2.7.2/lib/bundler/vendor/thor/lib/thor/base.rb:584:in `start'
	from /opt/homebrew/lib/ruby/gems/3.3.0/gems/bundler-2.7.2/lib/bundler/cli.rb:29:in `start'
	from /opt/homebrew/lib/ruby/gems/3.3.0/gems/bundler-2.7.2/exe/bundle:28:in `block in <top (required)>'
	from /opt/homebrew/lib/ruby/gems/3.3.0/gems/bundler-2.7.2/lib/bundler/friendly_errors.rb:118:in `with_friendly_errors'
	from /opt/homebrew/lib/ruby/gems/3.3.0/gems/bundler-2.7.2/exe/bundle:20:in `<top (required)>'
	from /opt/homebrew/lib/ruby/site_ruby/3.3.0/rubygems.rb:319:in `load'
	from /opt/homebrew/lib/ruby/site_ruby/3.3.0/rubygems.rb:319:in `activate_and_load_bin_path'
	from /opt/homebrew/lib/ruby/gems/3.3.0/bin/bundle:25:in `<main>'
Error: Process completed with exit code 1.